Using pre-set license
Built from '2020.3/staging' branch; Version is '2020.3.30f1 (1fb1bf06830e) revision 2077119'; Using compiler version '192528614'; Build Type 'Release'
OS: 'Windows 10  (10.0.19044) 64bit CoreSingleLanguage' Language: 'tr' Physical Memory: 16262 MB
BatchMode: 1, IsHumanControllingUs: 0, StartBugReporterOnCrash: 0, Is64bit: 1, IsPro: 0

COMMAND LINE ARGUMENTS:
C:\Program Files\Unity\Hub\Editor\2020.3.30f1\Editor\Unity.exe
-adb2
-batchMode
-noUpm
-name
AssetImportWorker0
-projectPath
C:/Users/Alp/AstroWesternPlatformGame
-logFile
Logs/AssetImportWorker0.log
-srvPort
62009
Successfully changed project path to: C:/Users/Alp/AstroWesternPlatformGame
C:/Users/Alp/AstroWesternPlatformGame
Using Asset Import Pipeline V2.
Refreshing native plugins compatible for Editor in 52.13 ms, found 3 plugins.
Preloading 0 native plugins for Editor in 0.00 ms.
Initialize engine version: 2020.3.30f1 (1fb1bf06830e)
[Subsystems] Discovering subsystems at path C:/Program Files/Unity/Hub/Editor/2020.3.30f1/Editor/Data/Resources/UnitySubsystems
[Subsystems] Discovering subsystems at path C:/Users/Alp/AstroWesternPlatformGame/Assets
GfxDevice: creating device client; threaded=0
Direct3D:
    Version:  Direct3D 11.0 [level 11.1]
    Renderer: NVIDIA GeForce GTX 1050 Ti (ID=0x1c8c)
    Vendor:   
    VRAM:     4018 MB
    Driver:   30.0.15.1278
Initialize mono
Mono path[0] = 'C:/Program Files/Unity/Hub/Editor/2020.3.30f1/Editor/Data/Managed'
Mono path[1] = 'C:/Program Files/Unity/Hub/Editor/2020.3.30f1/Editor/Data/MonoBleedingEdge/lib/mono/unityjit'
Mono config path = 'C:/Program Files/Unity/Hub/Editor/2020.3.30f1/Editor/Data/MonoBleedingEdge/etc'
Using monoOptions --debugger-agent=transport=dt_socket,embedding=1,server=y,suspend=n,address=127.0.0.1:56204
Begin MonoManager ReloadAssembly
Registering precompiled unity dll's ...
Register platform support module: C:/Program Files/Unity/Hub/Editor/2020.3.30f1/Editor/Data/PlaybackEngines/WebGLSupport/UnityEditor.WebGL.Extensions.dll
Register platform support module: C:/Program Files/Unity/Hub/Editor/2020.3.30f1/Editor/Data/PlaybackEngines/WindowsStandaloneSupport/UnityEditor.WindowsStandalone.Extensions.dll
Registered in 0.003908 seconds.
Native extension for WindowsStandalone target not found
Native extension for WebGL target not found
Refreshing native plugins compatible for Editor in 52.99 ms, found 3 plugins.
Preloading 0 native plugins for Editor in 0.00 ms.
Mono: successfully reloaded assembly
- Completed reload, in  0.659 seconds
Domain Reload Profiling:
	ReloadAssembly (659ms)
		BeginReloadAssembly (80ms)
			ExecutionOrderSort (0ms)
			DisableScriptedObjects (0ms)
			BackupInstance (0ms)
			ReleaseScriptingObjects (0ms)
			CreateAndSetChildDomain (1ms)
		EndReloadAssembly (500ms)
			LoadAssemblies (77ms)
			RebuildTransferFunctionScriptingTraits (0ms)
			SetupTypeCache (161ms)
			ReleaseScriptCaches (0ms)
			RebuildScriptCaches (32ms)
			SetupLoadedEditorAssemblies (188ms)
				LogAssemblyErrors (0ms)
				InitializePlatformSupportModulesInManaged (5ms)
				SetLoadedEditorAssemblies (0ms)
				RefreshPlugins (53ms)
				BeforeProcessingInitializeOnLoad (10ms)
				ProcessInitializeOnLoadAttributes (88ms)
				ProcessInitializeOnLoadMethodAttributes (32ms)
				AfterProcessingInitializeOnLoad (0ms)
				EditorAssembliesLoaded (0ms)
			ExecutionOrderSort2 (0ms)
			AwakeInstancesAfterBackupRestoration (0ms)
Platform modules already initialized, skipping
Registering precompiled user dll's ...
Registered in 0.005397 seconds.
Begin MonoManager ReloadAssembly
Native extension for WindowsStandalone target not found
Native extension for WebGL target not found
Refreshing native plugins compatible for Editor in 46.71 ms, found 3 plugins.
Preloading 0 native plugins for Editor in 0.00 ms.
Mono: successfully reloaded assembly
- Completed reload, in  1.228 seconds
Domain Reload Profiling:
	ReloadAssembly (1229ms)
		BeginReloadAssembly (176ms)
			ExecutionOrderSort (0ms)
			DisableScriptedObjects (6ms)
			BackupInstance (0ms)
			ReleaseScriptingObjects (0ms)
			CreateAndSetChildDomain (20ms)
		EndReloadAssembly (982ms)
			LoadAssemblies (129ms)
			RebuildTransferFunctionScriptingTraits (0ms)
			SetupTypeCache (330ms)
			ReleaseScriptCaches (0ms)
			RebuildScriptCaches (50ms)
			SetupLoadedEditorAssemblies (350ms)
				LogAssemblyErrors (0ms)
				InitializePlatformSupportModulesInManaged (4ms)
				SetLoadedEditorAssemblies (0ms)
				RefreshPlugins (47ms)
				BeforeProcessingInitializeOnLoad (76ms)
				ProcessInitializeOnLoadAttributes (196ms)
				ProcessInitializeOnLoadMethodAttributes (17ms)
				AfterProcessingInitializeOnLoad (10ms)
				EditorAssembliesLoaded (0ms)
			ExecutionOrderSort2 (0ms)
			AwakeInstancesAfterBackupRestoration (6ms)
Platform modules already initialized, skipping
========================================================================
Worker process is ready to serve import requests
Launched and connected shader compiler UnityShaderCompiler.exe after 0.06 seconds
Refreshing native plugins compatible for Editor in 0.50 ms, found 3 plugins.
Preloading 0 native plugins for Editor in 0.00 ms.
Unloading 2199 Unused Serialized files (Serialized files now loaded: 0)
System memory in use before: 96.2 MB.
System memory in use after: 96.1 MB.

Unloading 31 unused Assets to reduce memory usage. Loaded Objects now: 2629.
Total: 3.490500 ms (FindLiveObjects: 0.158500 ms CreateObjectMapping: 0.072400 ms MarkObjects: 3.056800 ms  DeleteObjects: 0.201900 ms)

AssetImportParameters requested are different than current active one (requested -> active):
  custom:framework-win-MediaFoundation: 216162199b28c13a410421893ffa2e32 -> 
  custom:video-decoder-ogg-theora: a1e56fd34408186e4bbccfd4996cb3dc -> 
  custom:container-muxer-webm: aa71ff27fc2769a1b78a27578f13a17b -> 
  custom:container-demuxer-webm: 4f35f7cbe854078d1ac9338744f61a02 -> 
  custom:container-demuxer-ogg: 62fdf1f143b41e24485cea50d1cbac27 -> 
  custom:video-encoder-webm-vp8: eb34c28f22e8b96e1ab97ce403110664 -> 
  custom:video-decoder-webm-vp8: 9c59270c3fd7afecdb556c50c9e8de78 -> 
  custom:audio-decoder-ogg-vorbis: bf7c407c2cedff20999df2af8eb42d56 -> 
  custom:audio-encoder-webm-vorbis: bf7c407c2cedff20999df2af8eb42d56 -> 
========================================================================
Received Import Request.
  path: Assets/Scenes/lvl_1.unity
  artifactKey: Guid(303cd2ce8c51a8049b8c82c6c22db664) Importer(815301076,1909f56bfc062723c751e8b465ee728b)
Start importing Assets/Scenes/lvl_1.unity using Guid(303cd2ce8c51a8049b8c82c6c22db664) Importer(815301076,1909f56bfc062723c751e8b465ee728b)  -> (artifact id: '3803c9c05d7bf1da6b6bdf61d4903a29') in 0.014164 seconds 
========================================================================
Received Import Request.
  Time since last request: 95.503994 seconds.
  path: Assets/Images/png
  artifactKey: Guid(5a77bb5b13523e9419c08681cccb9225) Importer(815301076,1909f56bfc062723c751e8b465ee728b)
Start importing Assets/Images/png using Guid(5a77bb5b13523e9419c08681cccb9225) Importer(815301076,1909f56bfc062723c751e8b465ee728b)  -> (artifact id: '2134c4d6166471816f83a18961803cb7') in 0.003360 seconds 
========================================================================
Received Import Request.
  Time since last request: 2.929741 seconds.
  path: Assets/Images/png/Character
  artifactKey: Guid(ccf49c1af235f334f94f0db4f0cab2b0) Importer(815301076,1909f56bfc062723c751e8b465ee728b)
Start importing Assets/Images/png/Character using Guid(ccf49c1af235f334f94f0db4f0cab2b0) Importer(815301076,1909f56bfc062723c751e8b465ee728b)  -> (artifact id: '3d2e9d1314d1881db34591cc402c3032') in 0.004578 seconds 
========================================================================
Received Import Request.
  Time since last request: 0.085295 seconds.
  path: Assets/Images/png/Character/Dead (1).png
  artifactKey: Guid(51ab16d70164bd1448d94db1ecd2a6e1) Importer(815301076,1909f56bfc062723c751e8b465ee728b)
Start importing Assets/Images/png/Character/Dead (1).png using Guid(51ab16d70164bd1448d94db1ecd2a6e1) Importer(815301076,1909f56bfc062723c751e8b465ee728b)  -> (artifact id: '45f85e4e78b9396d0e73054a2c88f463') in 0.160334 seconds 
========================================================================
Received Import Request.
  Time since last request: 0.000293 seconds.
  path: Assets/Images/png/Character/Jump (9).png
  artifactKey: Guid(483f959422a75ab439a50a0da4c272f5) Importer(815301076,1909f56bfc062723c751e8b465ee728b)
Start importing Assets/Images/png/Character/Jump (9).png using Guid(483f959422a75ab439a50a0da4c272f5) Importer(815301076,1909f56bfc062723c751e8b465ee728b)  -> (artifact id: 'c8f8eaaf812b1e57d1c0dcfa3b600cc0') in 0.020765 seconds 
========================================================================
Received Import Request.
  Time since last request: 0.000358 seconds.
  path: Assets/Images/png/Character/Dead (7).png
  artifactKey: Guid(30d9012837e1b0c4b81552e02ebaecf3) Importer(815301076,1909f56bfc062723c751e8b465ee728b)
Start importing Assets/Images/png/Character/Dead (7).png using Guid(30d9012837e1b0c4b81552e02ebaecf3) Importer(815301076,1909f56bfc062723c751e8b465ee728b)  -> (artifact id: '890d687c2ed63b1bf33eba07c86e7f77') in 0.021225 seconds 
========================================================================
Received Import Request.
  Time since last request: 0.000402 seconds.
  path: Assets/Images/png/Character/Jump (7).png
  artifactKey: Guid(bca49ab203a135f48b5e6aab7e3e073c) Importer(815301076,1909f56bfc062723c751e8b465ee728b)
Start importing Assets/Images/png/Character/Jump (7).png using Guid(bca49ab203a135f48b5e6aab7e3e073c) Importer(815301076,1909f56bfc062723c751e8b465ee728b)  -> (artifact id: '63603112e235bf5f287f3599a9320224') in 0.017902 seconds 
========================================================================
Received Import Request.
  Time since last request: 0.000314 seconds.
  path: Assets/Images/png/Character/Run (2).png
  artifactKey: Guid(9293244a9d3461c4e9a0dcf982c8c6a4) Importer(815301076,1909f56bfc062723c751e8b465ee728b)
Start importing Assets/Images/png/Character/Run (2).png using Guid(9293244a9d3461c4e9a0dcf982c8c6a4) Importer(815301076,1909f56bfc062723c751e8b465ee728b)  -> (artifact id: '6905e5ebd7e327f5a6ed202d50492511') in 0.017693 seconds 
========================================================================
Received Import Request.
  Time since last request: 0.000379 seconds.
  path: Assets/Images/png/Character/Run (4).png
  artifactKey: Guid(83d7ce2052e6d144c8fb4bcf1218fa39) Importer(815301076,1909f56bfc062723c751e8b465ee728b)
Start importing Assets/Images/png/Character/Run (4).png using Guid(83d7ce2052e6d144c8fb4bcf1218fa39) Importer(815301076,1909f56bfc062723c751e8b465ee728b)  -> (artifact id: '48f78bf3dd5b55069c0690bc2825b59d') in 0.016095 seconds 
========================================================================
Received Import Request.
  Time since last request: 0.000337 seconds.
  path: Assets/Images/png/Character/Idle (7).png
  artifactKey: Guid(2965d9334943a954996fec51a475e342) Importer(815301076,1909f56bfc062723c751e8b465ee728b)
Start importing Assets/Images/png/Character/Idle (7).png using Guid(2965d9334943a954996fec51a475e342) Importer(815301076,1909f56bfc062723c751e8b465ee728b)  -> (artifact id: 'dbcdf3f176b258a466fde0098a5febc1') in 0.015929 seconds 
========================================================================
Received Import Request.
  Time since last request: 0.000327 seconds.
  path: Assets/Images/png/Character/Slide (5).png
  artifactKey: Guid(563485ba3ac384449842774c68bf3c97) Importer(815301076,1909f56bfc062723c751e8b465ee728b)
Start importing Assets/Images/png/Character/Slide (5).png using Guid(563485ba3ac384449842774c68bf3c97) Importer(815301076,1909f56bfc062723c751e8b465ee728b)  -> (artifact id: 'd23341c6101c35c9401cc4c68b6e21bc') in 0.016456 seconds 
========================================================================
Received Import Request.
  Time since last request: 0.000460 seconds.
  path: Assets/Images/png/Character/Run (6).png
  artifactKey: Guid(37e2416c74d14fd4097285d702f7292b) Importer(815301076,1909f56bfc062723c751e8b465ee728b)
Start importing Assets/Images/png/Character/Run (6).png using Guid(37e2416c74d14fd4097285d702f7292b) Importer(815301076,1909f56bfc062723c751e8b465ee728b)  -> (artifact id: '6429d9bc914fdfffc8acfc066f95d3ef') in 0.020995 seconds 
========================================================================
Received Import Request.
  Time since last request: 0.000294 seconds.
  path: Assets/Images/png/Character/Dead (4).png
  artifactKey: Guid(4e528d18f9c32384fbfe7824d2d159af) Importer(815301076,1909f56bfc062723c751e8b465ee728b)
Start importing Assets/Images/png/Character/Dead (4).png using Guid(4e528d18f9c32384fbfe7824d2d159af) Importer(815301076,1909f56bfc062723c751e8b465ee728b)  -> (artifact id: '56e746f70b1afadc9286eaa6a1a40d74') in 0.024175 seconds 
========================================================================
Received Import Request.
  Time since last request: 0.000297 seconds.
  path: Assets/Images/png/Character/Jump (6).png
  artifactKey: Guid(9e12d1efa27d62749acdb26c86b7c4c6) Importer(815301076,1909f56bfc062723c751e8b465ee728b)
Start importing Assets/Images/png/Character/Jump (6).png using Guid(9e12d1efa27d62749acdb26c86b7c4c6) Importer(815301076,1909f56bfc062723c751e8b465ee728b)  -> (artifact id: 'e95900ce912dc500a4ea1621f84ba4db') in 0.022523 seconds 
========================================================================
Received Import Request.
  Time since last request: 0.000300 seconds.
  path: Assets/Images/png/Character/Slide (4).png
  artifactKey: Guid(5008194d4ef578a46b410b0b5469d0e3) Importer(815301076,1909f56bfc062723c751e8b465ee728b)
Start importing Assets/Images/png/Character/Slide (4).png using Guid(5008194d4ef578a46b410b0b5469d0e3) Importer(815301076,1909f56bfc062723c751e8b465ee728b)  -> (artifact id: '49c26cb442a5dbbcf222d61b2e120279') in 0.020979 seconds 
========================================================================
Received Import Request.
  Time since last request: 0.000377 seconds.
  path: Assets/Images/png/Character/Dead (9).png
  artifactKey: Guid(2826c20c3afb2384ebd031baf06968f9) Importer(815301076,1909f56bfc062723c751e8b465ee728b)
Start importing Assets/Images/png/Character/Dead (9).png using Guid(2826c20c3afb2384ebd031baf06968f9) Importer(815301076,1909f56bfc062723c751e8b465ee728b)  -> (artifact id: '477addf9b442879e38700faf14a54f99') in 0.021479 seconds 
========================================================================
Received Import Request.
  Time since last request: 0.000311 seconds.
  path: Assets/Images/png/Character/Dead (2).png
  artifactKey: Guid(60ecb63f2e5cde34a82c16fa28414e6c) Importer(815301076,1909f56bfc062723c751e8b465ee728b)
Start importing Assets/Images/png/Character/Dead (2).png using Guid(60ecb63f2e5cde34a82c16fa28414e6c) Importer(815301076,1909f56bfc062723c751e8b465ee728b)  -> (artifact id: 'e11a3dad2d3f91e166634b7baf804084') in 0.022165 seconds 
========================================================================
Received Import Request.
  Time since last request: 0.000288 seconds.
  path: Assets/Images/png/Character/Jump (2).png
  artifactKey: Guid(2e54d828b1c113648a1a8e5ff7a2c308) Importer(815301076,1909f56bfc062723c751e8b465ee728b)
Start importing Assets/Images/png/Character/Jump (2).png using Guid(2e54d828b1c113648a1a8e5ff7a2c308) Importer(815301076,1909f56bfc062723c751e8b465ee728b)  -> (artifact id: 'aa2a3f23cecc72c9783b887f7d99bc22') in 0.016113 seconds 
========================================================================
Received Import Request.
  Time since last request: 0.000296 seconds.
  path: Assets/Images/png/Character/Idle (2).png
  artifactKey: Guid(36b438c7793b085439c71174db3a2925) Importer(815301076,1909f56bfc062723c751e8b465ee728b)
Start importing Assets/Images/png/Character/Idle (2).png using Guid(36b438c7793b085439c71174db3a2925) Importer(815301076,1909f56bfc062723c751e8b465ee728b)  -> (artifact id: '06812912d67c94aa1b72b80bc82fc12c') in 0.018489 seconds 
========================================================================
Received Import Request.
  Time since last request: 0.000365 seconds.
  path: Assets/Images/png/Character/Idle (9).png
  artifactKey: Guid(5c0f0959eeec4e84f97f3113cbe0851f) Importer(815301076,1909f56bfc062723c751e8b465ee728b)
Start importing Assets/Images/png/Character/Idle (9).png using Guid(5c0f0959eeec4e84f97f3113cbe0851f) Importer(815301076,1909f56bfc062723c751e8b465ee728b)  -> (artifact id: '60820e21b00c505722e97db75942b827') in 0.015932 seconds 
========================================================================
Received Import Request.
  Time since last request: 0.000343 seconds.
  path: Assets/Images/png/Character/Melee (1).png
  artifactKey: Guid(07c7802b46ba8ee438c4b11a2af3bc17) Importer(815301076,1909f56bfc062723c751e8b465ee728b)
Start importing Assets/Images/png/Character/Melee (1).png using Guid(07c7802b46ba8ee438c4b11a2af3bc17) Importer(815301076,1909f56bfc062723c751e8b465ee728b)  -> (artifact id: '3a9c35d412450314b6e172629790ef2b') in 0.020215 seconds 
========================================================================
Received Import Request.
  Time since last request: 0.000415 seconds.
  path: Assets/Images/png/Character/Dead (6).png
  artifactKey: Guid(2ce598076a08e96479179dc2a473b0ea) Importer(815301076,1909f56bfc062723c751e8b465ee728b)
Start importing Assets/Images/png/Character/Dead (6).png using Guid(2ce598076a08e96479179dc2a473b0ea) Importer(815301076,1909f56bfc062723c751e8b465ee728b)  -> (artifact id: '32370855f8a3bd4947433ccd8bac92ca') in 0.021499 seconds 
========================================================================
Received Import Request.
  Time since last request: 0.000453 seconds.
  path: Assets/Images/png/Character/Idle (1).png
  artifactKey: Guid(75412acad3efa004d95df0cf835428dc) Importer(815301076,1909f56bfc062723c751e8b465ee728b)
Start importing Assets/Images/png/Character/Idle (1).png using Guid(75412acad3efa004d95df0cf835428dc) Importer(815301076,1909f56bfc062723c751e8b465ee728b)  -> (artifact id: '2a3218238f17e3ab45328071b32bc052') in 0.022885 seconds 
========================================================================
Received Import Request.
  Time since last request: 0.000470 seconds.
  path: Assets/Images/png/Character/Melee (6).png
  artifactKey: Guid(80463dee50ae60245a073be0209bdce8) Importer(815301076,1909f56bfc062723c751e8b465ee728b)
Start importing Assets/Images/png/Character/Melee (6).png using Guid(80463dee50ae60245a073be0209bdce8) Importer(815301076,1909f56bfc062723c751e8b465ee728b)  -> (artifact id: '1b94a8647ba061b0c79e92fb28c5fd84') in 0.021586 seconds 
========================================================================
Received Import Request.
  Time since last request: 0.000315 seconds.
  path: Assets/Images/png/Character/Jump (3).png
  artifactKey: Guid(6baa0ff80fed96245a1548928bdb79a0) Importer(815301076,1909f56bfc062723c751e8b465ee728b)
Start importing Assets/Images/png/Character/Jump (3).png using Guid(6baa0ff80fed96245a1548928bdb79a0) Importer(815301076,1909f56bfc062723c751e8b465ee728b)  -> (artifact id: '1f03af8207bd419fffaa55c23379a931') in 0.023727 seconds 
========================================================================
Received Import Request.
  Time since last request: 0.000321 seconds.
  path: Assets/Images/png/Character/Slide (1).png
  artifactKey: Guid(e5ed4fbbf2337a6478c4fc2ae7cebd9d) Importer(815301076,1909f56bfc062723c751e8b465ee728b)
Start importing Assets/Images/png/Character/Slide (1).png using Guid(e5ed4fbbf2337a6478c4fc2ae7cebd9d) Importer(815301076,1909f56bfc062723c751e8b465ee728b)  -> (artifact id: 'fa5546fe437a3c984b27877a26b833b5') in 0.020345 seconds 
========================================================================
Received Import Request.
  Time since last request: 0.000430 seconds.
  path: Assets/Images/png/Character/Dead (8).png
  artifactKey: Guid(b7013ef7398c0a7409c677b96e6962a6) Importer(815301076,1909f56bfc062723c751e8b465ee728b)
Start importing Assets/Images/png/Character/Dead (8).png using Guid(b7013ef7398c0a7409c677b96e6962a6) Importer(815301076,1909f56bfc062723c751e8b465ee728b)  -> (artifact id: '8723285dc28c7160ffee16c1e5ca9981') in 0.015235 seconds 
========================================================================
Received Import Request.
  Time since last request: 0.000211 seconds.
  path: Assets/Images/png/Character/Idle (8).png
  artifactKey: Guid(d125c234127364448a0073780704e17c) Importer(815301076,1909f56bfc062723c751e8b465ee728b)
Start importing Assets/Images/png/Character/Idle (8).png using Guid(d125c234127364448a0073780704e17c) Importer(815301076,1909f56bfc062723c751e8b465ee728b)  -> (artifact id: '6b22b0ea05bc834c2ce16e401a0df351') in 0.015467 seconds 
========================================================================
Received Import Request.
  Time since last request: 0.000278 seconds.
  path: Assets/Images/png/Character/Melee (4).png
  artifactKey: Guid(e564ac01e96df7148bdec11011d7eb23) Importer(815301076,1909f56bfc062723c751e8b465ee728b)
Start importing Assets/Images/png/Character/Melee (4).png using Guid(e564ac01e96df7148bdec11011d7eb23) Importer(815301076,1909f56bfc062723c751e8b465ee728b)  -> (artifact id: '2c60bd47c6ad891055cc85d41eeec3e8') in 0.016688 seconds 
========================================================================
Received Import Request.
  Time since last request: 0.000284 seconds.
  path: Assets/Images/png/Character/Melee (2).png
  artifactKey: Guid(43559196660c78645bafa4a94de2b41e) Importer(815301076,1909f56bfc062723c751e8b465ee728b)
Start importing Assets/Images/png/Character/Melee (2).png using Guid(43559196660c78645bafa4a94de2b41e) Importer(815301076,1909f56bfc062723c751e8b465ee728b)  -> (artifact id: '8c99b756e3d15a09b8229e1940e7f14b') in 0.018154 seconds 
========================================================================
Received Import Request.
  Time since last request: 0.000304 seconds.
  path: Assets/Images/png/Character/Run (3).png
  artifactKey: Guid(740bea5b454b52c4cad1a5f8c26861b9) Importer(815301076,1909f56bfc062723c751e8b465ee728b)
Start importing Assets/Images/png/Character/Run (3).png using Guid(740bea5b454b52c4cad1a5f8c26861b9) Importer(815301076,1909f56bfc062723c751e8b465ee728b)  -> (artifact id: 'd6087cabb532b8482491968fe24202f3') in 0.015594 seconds 
========================================================================
Received Import Request.
  Time since last request: 0.000293 seconds.
  path: Assets/Images/png/Character/Dead (10).png
  artifactKey: Guid(b518c3b7496f7ec468a9f3bd0adf7f65) Importer(815301076,1909f56bfc062723c751e8b465ee728b)
Start importing Assets/Images/png/Character/Dead (10).png using Guid(b518c3b7496f7ec468a9f3bd0adf7f65) Importer(815301076,1909f56bfc062723c751e8b465ee728b)  -> (artifact id: 'cb036b38d65daf07da89992751a40f7a') in 0.016386 seconds 
========================================================================
Received Import Request.
  Time since last request: 0.000309 seconds.
  path: Assets/Images/png/Character/Jump (8).png
  artifactKey: Guid(337d2bf35e3ef3249958b8e97df74d9a) Importer(815301076,1909f56bfc062723c751e8b465ee728b)
Start importing Assets/Images/png/Character/Jump (8).png using Guid(337d2bf35e3ef3249958b8e97df74d9a) Importer(815301076,1909f56bfc062723c751e8b465ee728b)  -> (artifact id: '9b496236b7ecb76190c7aa1d9727b863') in 0.018214 seconds 
========================================================================
Received Import Request.
  Time since last request: 0.000247 seconds.
  path: Assets/Images/png/Character/Run (7).png
  artifactKey: Guid(db45819bdbc86af4e818f3ffd1995b6a) Importer(815301076,1909f56bfc062723c751e8b465ee728b)
Start importing Assets/Images/png/Character/Run (7).png using Guid(db45819bdbc86af4e818f3ffd1995b6a) Importer(815301076,1909f56bfc062723c751e8b465ee728b)  -> (artifact id: 'af43a52a422a675e49f721cf4cb7f01f') in 0.021713 seconds 
========================================================================
Received Import Request.
  Time since last request: 0.000938 seconds.
  path: Assets/Images/png/Character/Idle (6).png
  artifactKey: Guid(5e2b72ab677cc204e848b1684009ef34) Importer(815301076,1909f56bfc062723c751e8b465ee728b)
Start importing Assets/Images/png/Character/Idle (6).png using Guid(5e2b72ab677cc204e848b1684009ef34) Importer(815301076,1909f56bfc062723c751e8b465ee728b)  -> (artifact id: 'ff8200dd6d6e96389f99263828ff503c') in 0.021567 seconds 
========================================================================
Received Import Request.
  Time since last request: 0.000413 seconds.
  path: Assets/Images/png/Character/Run (5).png
  artifactKey: Guid(d712bdc27baf51a439091640397efdee) Importer(815301076,1909f56bfc062723c751e8b465ee728b)
Start importing Assets/Images/png/Character/Run (5).png using Guid(d712bdc27baf51a439091640397efdee) Importer(815301076,1909f56bfc062723c751e8b465ee728b)  -> (artifact id: '610aae5f5455bd419cc14bf6d2722aa1') in 0.019468 seconds 
========================================================================
Received Import Request.
  Time since last request: 0.000210 seconds.
  path: Assets/Images/png/Character/Shoot (2).png
  artifactKey: Guid(9b069cb58a63451469647d101d7e53ec) Importer(815301076,1909f56bfc062723c751e8b465ee728b)
Start importing Assets/Images/png/Character/Shoot (2).png using Guid(9b069cb58a63451469647d101d7e53ec) Importer(815301076,1909f56bfc062723c751e8b465ee728b)  -> (artifact id: '32e96a5146c2acca23954809a2491be4') in 0.020713 seconds 
========================================================================
Received Import Request.
  Time since last request: 0.000237 seconds.
  path: Assets/Images/png/Character/Shoot (1).png
  artifactKey: Guid(f5769d02aed21584fa0197b4688988d6) Importer(815301076,1909f56bfc062723c751e8b465ee728b)
Start importing Assets/Images/png/Character/Shoot (1).png using Guid(f5769d02aed21584fa0197b4688988d6) Importer(815301076,1909f56bfc062723c751e8b465ee728b)  -> (artifact id: '836e91909ecd34ac2800aefd791db878') in 0.018731 seconds 
========================================================================
Received Import Request.
  Time since last request: 0.000307 seconds.
  path: Assets/Images/png/Character/Melee (3).png
  artifactKey: Guid(d757d7d7f0ac35043a23a682bd7870b6) Importer(815301076,1909f56bfc062723c751e8b465ee728b)
Start importing Assets/Images/png/Character/Melee (3).png using Guid(d757d7d7f0ac35043a23a682bd7870b6) Importer(815301076,1909f56bfc062723c751e8b465ee728b)  -> (artifact id: '89968b4a7d62bdb8cda93bc65eda51b6') in 0.019336 seconds 
========================================================================
Received Import Request.
  Time since last request: 0.000285 seconds.
  path: Assets/Images/png/Character/Melee (7).png
  artifactKey: Guid(d22ed6e306effed419fe8d7f559bb108) Importer(815301076,1909f56bfc062723c751e8b465ee728b)
Start importing Assets/Images/png/Character/Melee (7).png using Guid(d22ed6e306effed419fe8d7f559bb108) Importer(815301076,1909f56bfc062723c751e8b465ee728b)  -> (artifact id: '167013b96e63573f28c173675a7d04b5') in 0.016847 seconds 
========================================================================
Received Import Request.
  Time since last request: 0.000229 seconds.
  path: Assets/Images/png/Character/Slide (3).png
  artifactKey: Guid(4a5ca9f454a687d44b389d645776d66e) Importer(815301076,1909f56bfc062723c751e8b465ee728b)
Start importing Assets/Images/png/Character/Slide (3).png using Guid(4a5ca9f454a687d44b389d645776d66e) Importer(815301076,1909f56bfc062723c751e8b465ee728b)  -> (artifact id: '4200c799ec553f3eacaad03113fa05db') in 0.014907 seconds 
========================================================================
Received Import Request.
  Time since last request: 0.000382 seconds.
  path: Assets/Images/png/Character/Idle (10).png
  artifactKey: Guid(da3bbeeee8be61a47a0ca516a7502103) Importer(815301076,1909f56bfc062723c751e8b465ee728b)
Start importing Assets/Images/png/Character/Idle (10).png using Guid(da3bbeeee8be61a47a0ca516a7502103) Importer(815301076,1909f56bfc062723c751e8b465ee728b)  -> (artifact id: '0cdea303a905028897d96f43f6bd89ec') in 0.014858 seconds 
========================================================================
Received Import Request.
  Time since last request: 0.000532 seconds.
  path: Assets/Images/png/Character/Idle (5).png
  artifactKey: Guid(e7d717bdbdbe5154e8a71fa3c460ed8b) Importer(815301076,1909f56bfc062723c751e8b465ee728b)
Start importing Assets/Images/png/Character/Idle (5).png using Guid(e7d717bdbdbe5154e8a71fa3c460ed8b) Importer(815301076,1909f56bfc062723c751e8b465ee728b)  -> (artifact id: '6e43d656559d0e2f3b0bbef9a45e0460') in 0.015460 seconds 
========================================================================
Received Import Request.
  Time since last request: 0.000281 seconds.
  path: Assets/Images/png/Character/Jump (10).png
  artifactKey: Guid(fd8b9f43c95039f44a7acfe384f97062) Importer(815301076,1909f56bfc062723c751e8b465ee728b)
Start importing Assets/Images/png/Character/Jump (10).png using Guid(fd8b9f43c95039f44a7acfe384f97062) Importer(815301076,1909f56bfc062723c751e8b465ee728b)  -> (artifact id: 'b3726e1182be9863818d4a96805b13d7') in 0.015622 seconds 
========================================================================
Received Import Request.
  Time since last request: 0.000228 seconds.
  path: Assets/Images/png/Character/Jump (1).png
  artifactKey: Guid(15072708a882e934480348774aa42489) Importer(815301076,1909f56bfc062723c751e8b465ee728b)
Start importing Assets/Images/png/Character/Jump (1).png using Guid(15072708a882e934480348774aa42489) Importer(815301076,1909f56bfc062723c751e8b465ee728b)  -> (artifact id: '81311c5bcaa6ad5c1e8d4d182f4d8926') in 0.014887 seconds 
========================================================================
Received Import Request.
  Time since last request: 0.000229 seconds.
  path: Assets/Images/png/Character/Melee (5).png
  artifactKey: Guid(3cef301ad933573439fe91eb6a62c3b6) Importer(815301076,1909f56bfc062723c751e8b465ee728b)
Start importing Assets/Images/png/Character/Melee (5).png using Guid(3cef301ad933573439fe91eb6a62c3b6) Importer(815301076,1909f56bfc062723c751e8b465ee728b)  -> (artifact id: '4b389390d12530a606d4dcf5dfafaf88') in 0.015267 seconds 
========================================================================
Received Import Request.
  Time since last request: 0.000386 seconds.
  path: Assets/Images/png/Character/Shoot (3).png
  artifactKey: Guid(dd8c432d86803684c9d2e32ef456e468) Importer(815301076,1909f56bfc062723c751e8b465ee728b)
Start importing Assets/Images/png/Character/Shoot (3).png using Guid(dd8c432d86803684c9d2e32ef456e468) Importer(815301076,1909f56bfc062723c751e8b465ee728b)  -> (artifact id: '44dfadde3920daff44fddf39214f3f16') in 0.015478 seconds 
========================================================================
Received Import Request.
  Time since last request: 0.000281 seconds.
  path: Assets/Images/png/Character/Dead (5).png
  artifactKey: Guid(c8353afd0698f4a46951d2dc9a016659) Importer(815301076,1909f56bfc062723c751e8b465ee728b)
Start importing Assets/Images/png/Character/Dead (5).png using Guid(c8353afd0698f4a46951d2dc9a016659) Importer(815301076,1909f56bfc062723c751e8b465ee728b)  -> (artifact id: '8627cd8bbac4d8645433a6fccd4ab897') in 0.017738 seconds 
========================================================================
Received Import Request.
  Time since last request: 0.000260 seconds.
  path: Assets/Images/png/Character/Dead (3).png
  artifactKey: Guid(8a3c8d1a2f1df944a9e52bb392c67d5d) Importer(815301076,1909f56bfc062723c751e8b465ee728b)
Start importing Assets/Images/png/Character/Dead (3).png using Guid(8a3c8d1a2f1df944a9e52bb392c67d5d) Importer(815301076,1909f56bfc062723c751e8b465ee728b)  -> (artifact id: '26684b6de5b7f98177b0f087ff71802e') in 0.015191 seconds 
========================================================================
Received Import Request.
  Time since last request: 0.000239 seconds.
  path: Assets/Images/png/Character/Idle (3).png
  artifactKey: Guid(18ea9213251c9eb4b8aa43448a0179cb) Importer(815301076,1909f56bfc062723c751e8b465ee728b)
Start importing Assets/Images/png/Character/Idle (3).png using Guid(18ea9213251c9eb4b8aa43448a0179cb) Importer(815301076,1909f56bfc062723c751e8b465ee728b)  -> (artifact id: '18b5e5c9d1b12d9a5ddac517a29c4e52') in 0.015331 seconds 
========================================================================
Received Import Request.
  Time since last request: 0.000272 seconds.
  path: Assets/Images/png/Character/Jump (4).png
  artifactKey: Guid(4f36328ba613c7c4286d1736e781b950) Importer(815301076,1909f56bfc062723c751e8b465ee728b)
Start importing Assets/Images/png/Character/Jump (4).png using Guid(4f36328ba613c7c4286d1736e781b950) Importer(815301076,1909f56bfc062723c751e8b465ee728b)  -> (artifact id: '40caf81c99630a13f78167a0468f31ed') in 0.014140 seconds 
========================================================================
Received Import Request.
  Time since last request: 0.000331 seconds.
  path: Assets/Images/png/Character/Idle (4).png
  artifactKey: Guid(2679ee382a8fd8f4c8b9be56d7ec8be1) Importer(815301076,1909f56bfc062723c751e8b465ee728b)
Start importing Assets/Images/png/Character/Idle (4).png using Guid(2679ee382a8fd8f4c8b9be56d7ec8be1) Importer(815301076,1909f56bfc062723c751e8b465ee728b)  -> (artifact id: '1fe5df10d48147fbda6d36ef946eeb48') in 0.014664 seconds 
========================================================================
Received Import Request.
  Time since last request: 0.000225 seconds.
  path: Assets/Images/png/Character/Jump (5).png
  artifactKey: Guid(e52d2d9fd242391499353bbfec12a097) Importer(815301076,1909f56bfc062723c751e8b465ee728b)
Start importing Assets/Images/png/Character/Jump (5).png using Guid(e52d2d9fd242391499353bbfec12a097) Importer(815301076,1909f56bfc062723c751e8b465ee728b)  -> (artifact id: 'e7c15b90c12a4332ab1c09baf05dc244') in 0.016360 seconds 
========================================================================
Received Import Request.
  Time since last request: 0.000247 seconds.
  path: Assets/Images/png/Character/Slide (2).png
  artifactKey: Guid(f5507aa943a6f3b4c9db5100dcb0a5a6) Importer(815301076,1909f56bfc062723c751e8b465ee728b)
Start importing Assets/Images/png/Character/Slide (2).png using Guid(f5507aa943a6f3b4c9db5100dcb0a5a6) Importer(815301076,1909f56bfc062723c751e8b465ee728b)  -> (artifact id: '0a0396c3b9bfa4e66f2945963baf5c8a') in 0.021431 seconds 
========================================================================
Received Import Request.
  Time since last request: 0.000291 seconds.
  path: Assets/Images/png/Character/Run (8).png
  artifactKey: Guid(44089b4d314cb664b88ed997027163dc) Importer(815301076,1909f56bfc062723c751e8b465ee728b)
Start importing Assets/Images/png/Character/Run (8).png using Guid(44089b4d314cb664b88ed997027163dc) Importer(815301076,1909f56bfc062723c751e8b465ee728b)  -> (artifact id: 'dfa91a669cba70b9428f1a3f21390b73') in 0.020718 seconds 
========================================================================
Received Import Request.
  Time since last request: 0.000187 seconds.
  path: Assets/Images/png/Character/Run (1).png
  artifactKey: Guid(a7675cf7d1b3d2947899fc62b1c4387d) Importer(815301076,1909f56bfc062723c751e8b465ee728b)
Start importing Assets/Images/png/Character/Run (1).png using Guid(a7675cf7d1b3d2947899fc62b1c4387d) Importer(815301076,1909f56bfc062723c751e8b465ee728b)  -> (artifact id: '80f65e3429e3b8b647c3312a3b8d9c56') in 0.021836 seconds 
========================================================================
Received Import Request.
  Time since last request: 65.703263 seconds.
  path: Assets/Images/png/Character/Idle.anim
  artifactKey: Guid(99177fdd0ca4f4243a43c849ad27e737) Importer(815301076,1909f56bfc062723c751e8b465ee728b)
Start importing Assets/Images/png/Character/Idle.anim using Guid(99177fdd0ca4f4243a43c849ad27e737) Importer(815301076,1909f56bfc062723c751e8b465ee728b)  -> (artifact id: 'ca3b8591ac28a85f0fff240246ab1555') in 0.009010 seconds 
========================================================================
Received Import Request.
  Time since last request: 1.412452 seconds.
  path: Assets/Images/png/Character/Idle (1).controller
  artifactKey: Guid(e3ce8df75c0d6a14e8841d42c41d9b76) Importer(815301076,1909f56bfc062723c751e8b465ee728b)
Start importing Assets/Images/png/Character/Idle (1).controller using Guid(e3ce8df75c0d6a14e8841d42c41d9b76) Importer(815301076,1909f56bfc062723c751e8b465ee728b)  -> (artifact id: '11fef4b39d7629832a15190e523df85b') in 0.007299 seconds 
========================================================================
Received Prepare
Registering precompiled user dll's ...
Registered in 0.006047 seconds.
Begin MonoManager ReloadAssembly
Native extension for WindowsStandalone target not found
Native extension for WebGL target not found
Refreshing native plugins compatible for Editor in 0.55 ms, found 3 plugins.
Preloading 0 native plugins for Editor in 0.00 ms.
Mono: successfully reloaded assembly
- Completed reload, in  1.109 seconds
Domain Reload Profiling:
	ReloadAssembly (1109ms)
		BeginReloadAssembly (133ms)
			ExecutionOrderSort (0ms)
			DisableScriptedObjects (7ms)
			BackupInstance (0ms)
			ReleaseScriptingObjects (0ms)
			CreateAndSetChildDomain (36ms)
		EndReloadAssembly (900ms)
			LoadAssemblies (126ms)
			RebuildTransferFunctionScriptingTraits (0ms)
			SetupTypeCache (292ms)
			ReleaseScriptCaches (1ms)
			RebuildScriptCaches (42ms)
			SetupLoadedEditorAssemblies (328ms)
				LogAssemblyErrors (0ms)
				InitializePlatformSupportModulesInManaged (7ms)
				SetLoadedEditorAssemblies (1ms)
				RefreshPlugins (1ms)
				BeforeProcessingInitializeOnLoad (78ms)
				ProcessInitializeOnLoadAttributes (218ms)
				ProcessInitializeOnLoadMethodAttributes (13ms)
				AfterProcessingInitializeOnLoad (10ms)
				EditorAssembliesLoaded (0ms)
			ExecutionOrderSort2 (0ms)
			AwakeInstancesAfterBackupRestoration (11ms)
Platform modules already initialized, skipping
Switching build target platform(19) subTarget(0) extendedPlatform(0) -> platform(13) subTarget(537395200) extendedPlatform(0)
Refreshing native plugins compatible for Editor in 0.48 ms, found 3 plugins.
Preloading 0 native plugins for Editor in 0.00 ms.
Unloading 2197 Unused Serialized files (Serialized files now loaded: 0)
System memory in use before: 99.2 MB.
System memory in use after: 99.2 MB.

Unloading 20 unused Assets to reduce memory usage. Loaded Objects now: 2639.
Total: 5.087000 ms (FindLiveObjects: 0.255900 ms CreateObjectMapping: 0.207600 ms MarkObjects: 4.414100 ms  DeleteObjects: 0.208100 ms)

AssetImportParameters requested are different than current active one (requested -> active):
  custom:framework-win-MediaFoundation: 216162199b28c13a410421893ffa2e32 -> 
  custom:video-decoder-ogg-theora: a1e56fd34408186e4bbccfd4996cb3dc -> 
  custom:container-muxer-webm: aa71ff27fc2769a1b78a27578f13a17b -> 
  custom:container-demuxer-webm: 4f35f7cbe854078d1ac9338744f61a02 -> 
  custom:container-demuxer-ogg: 62fdf1f143b41e24485cea50d1cbac27 -> 
  custom:video-encoder-webm-vp8: eb34c28f22e8b96e1ab97ce403110664 -> 
  custom:video-decoder-webm-vp8: 9c59270c3fd7afecdb556c50c9e8de78 -> 
  custom:graphics/normal-map-encoding: 01000000000000000000000000000000 -> 02000000000000000000000000000000
  custom:audio-decoder-ogg-vorbis: bf7c407c2cedff20999df2af8eb42d56 -> 
  custom:audio-encoder-webm-vorbis: bf7c407c2cedff20999df2af8eb42d56 -> 
========================================================================
Received Prepare
Registering precompiled user dll's ...
Registered in 0.005690 seconds.
Begin MonoManager ReloadAssembly
Native extension for WindowsStandalone target not found
Native extension for WebGL target not found
Refreshing native plugins compatible for Editor in 0.51 ms, found 3 plugins.
Preloading 0 native plugins for Editor in 0.00 ms.
Mono: successfully reloaded assembly
- Completed reload, in  1.095 seconds
Domain Reload Profiling:
	ReloadAssembly (1096ms)
		BeginReloadAssembly (142ms)
			ExecutionOrderSort (0ms)
			DisableScriptedObjects (6ms)
			BackupInstance (0ms)
			ReleaseScriptingObjects (0ms)
			CreateAndSetChildDomain (37ms)
		EndReloadAssembly (863ms)
			LoadAssemblies (135ms)
			RebuildTransferFunctionScriptingTraits (0ms)
			SetupTypeCache (286ms)
			ReleaseScriptCaches (1ms)
			RebuildScriptCaches (42ms)
			SetupLoadedEditorAssemblies (300ms)
				LogAssemblyErrors (0ms)
				InitializePlatformSupportModulesInManaged (5ms)
				SetLoadedEditorAssemblies (0ms)
				RefreshPlugins (1ms)
				BeforeProcessingInitializeOnLoad (68ms)
				ProcessInitializeOnLoadAttributes (207ms)
				ProcessInitializeOnLoadMethodAttributes (11ms)
				AfterProcessingInitializeOnLoad (9ms)
				EditorAssembliesLoaded (0ms)
			ExecutionOrderSort2 (0ms)
			AwakeInstancesAfterBackupRestoration (9ms)
Platform modules already initialized, skipping
Switching build target platform(19) subTarget(0) extendedPlatform(0) -> platform(13) subTarget(537395200) extendedPlatform(0)
Refreshing native plugins compatible for Editor in 0.60 ms, found 3 plugins.
Preloading 0 native plugins for Editor in 0.00 ms.
Unloading 2197 Unused Serialized files (Serialized files now loaded: 0)
System memory in use before: 99.2 MB.
System memory in use after: 99.2 MB.

Unloading 20 unused Assets to reduce memory usage. Loaded Objects now: 2641.
Total: 3.050900 ms (FindLiveObjects: 0.158000 ms CreateObjectMapping: 0.068600 ms MarkObjects: 2.688000 ms  DeleteObjects: 0.135400 ms)

AssetImportParameters requested are different than current active one (requested -> active):
  custom:framework-win-MediaFoundation: 216162199b28c13a410421893ffa2e32 -> 
  custom:video-decoder-ogg-theora: a1e56fd34408186e4bbccfd4996cb3dc -> 
  custom:container-muxer-webm: aa71ff27fc2769a1b78a27578f13a17b -> 
  custom:container-demuxer-webm: 4f35f7cbe854078d1ac9338744f61a02 -> 
  custom:container-demuxer-ogg: 62fdf1f143b41e24485cea50d1cbac27 -> 
  custom:video-encoder-webm-vp8: eb34c28f22e8b96e1ab97ce403110664 -> 
  custom:video-decoder-webm-vp8: 9c59270c3fd7afecdb556c50c9e8de78 -> 
  custom:graphics/normal-map-encoding: 01000000000000000000000000000000 -> 02000000000000000000000000000000
  custom:audio-decoder-ogg-vorbis: bf7c407c2cedff20999df2af8eb42d56 -> 
  custom:audio-encoder-webm-vorbis: bf7c407c2cedff20999df2af8eb42d56 -> 
========================================================================
Received Import Request.
  Time since last request: 111.174360 seconds.
  path: Assets/Images/png/BG/BG.png
  artifactKey: Guid(3ffee5d8c45daff408917875bba873cd) Importer(815301076,1909f56bfc062723c751e8b465ee728b)
Start importing Assets/Images/png/BG/BG.png using Guid(3ffee5d8c45daff408917875bba873cd) Importer(815301076,1909f56bfc062723c751e8b465ee728b)  -> (artifact id: '2ff6af07b46aa692a721733079dd70f4') in 0.061491 seconds 
========================================================================
Received Import Request.
  Time since last request: 48.892557 seconds.
  path: Assets/Backgrounds/Lvl1Background
  artifactKey: Guid(87003fa521325d9428530646c52e70ca) Importer(815301076,1909f56bfc062723c751e8b465ee728b)
Start importing Assets/Backgrounds/Lvl1Background using Guid(87003fa521325d9428530646c52e70ca) Importer(815301076,1909f56bfc062723c751e8b465ee728b)  -> (artifact id: '9d2c58afb13ca92aa6a23142bacbf8dc') in 0.004089 seconds 
========================================================================
Received Import Request.
  Time since last request: 11.399537 seconds.
  path: Assets/Backgrounds/Lvl1Background/0.png
  artifactKey: Guid(78014e480980fc243b1d6b2f0de10086) Importer(815301076,1909f56bfc062723c751e8b465ee728b)
Start importing Assets/Backgrounds/Lvl1Background/0.png using Guid(78014e480980fc243b1d6b2f0de10086) Importer(815301076,1909f56bfc062723c751e8b465ee728b)  -> (artifact id: '7c9700b220e8603ad9c2341eedf01ff5') in 0.034635 seconds 
========================================================================
Received Import Request.
  Time since last request: 0.000252 seconds.
  path: Assets/Backgrounds/Lvl1Background/1.png
  artifactKey: Guid(0948af9cfacd1fd408e208a6fc3d50f7) Importer(815301076,1909f56bfc062723c751e8b465ee728b)
Start importing Assets/Backgrounds/Lvl1Background/1.png using Guid(0948af9cfacd1fd408e208a6fc3d50f7) Importer(815301076,1909f56bfc062723c751e8b465ee728b)  -> (artifact id: 'eb0b5926ba53096c0e765e6b9a3e95d9') in 0.022100 seconds 
========================================================================
Received Import Request.
  Time since last request: 0.000593 seconds.
  path: Assets/Backgrounds/Lvl1Background/3.png
  artifactKey: Guid(d3094fb5af1c69846b29198f06742005) Importer(815301076,1909f56bfc062723c751e8b465ee728b)
Start importing Assets/Backgrounds/Lvl1Background/3.png using Guid(d3094fb5af1c69846b29198f06742005) Importer(815301076,1909f56bfc062723c751e8b465ee728b)  -> (artifact id: '140cbc1b430fe0384684adc37e1d1f6f') in 0.022932 seconds 
========================================================================
Received Import Request.
  Time since last request: 0.000412 seconds.
  path: Assets/Backgrounds/Lvl1Background/2.png
  artifactKey: Guid(cef0a5e83c84cc643a43cf0f46d69902) Importer(815301076,1909f56bfc062723c751e8b465ee728b)
Start importing Assets/Backgrounds/Lvl1Background/2.png using Guid(cef0a5e83c84cc643a43cf0f46d69902) Importer(815301076,1909f56bfc062723c751e8b465ee728b)  -> (artifact id: '06e11f5906f097710b694a5f3cb14dde') in 0.026725 seconds 
========================================================================
Received Import Request.
  Time since last request: 0.000377 seconds.
  path: Assets/Backgrounds/Lvl1Background/4.png
  artifactKey: Guid(5d3bf3d2b88f5564ab4ad391c0fae0d7) Importer(815301076,1909f56bfc062723c751e8b465ee728b)
Start importing Assets/Backgrounds/Lvl1Background/4.png using Guid(5d3bf3d2b88f5564ab4ad391c0fae0d7) Importer(815301076,1909f56bfc062723c751e8b465ee728b)  -> (artifact id: '775e8441cb4814aca01da675fd7a7502') in 0.022504 seconds 
========================================================================
Received Import Request.
  Time since last request: 120.479789 seconds.
  path: Assets/Images/png/Tiles
  artifactKey: Guid(8e3fb2c5a053b3c4da8d535c163f5ddc) Importer(815301076,1909f56bfc062723c751e8b465ee728b)
Start importing Assets/Images/png/Tiles using Guid(8e3fb2c5a053b3c4da8d535c163f5ddc) Importer(815301076,1909f56bfc062723c751e8b465ee728b)  -> (artifact id: '6a68cbfac38aae72830ba0e6bd265d9e') in 0.003921 seconds 
========================================================================
Received Import Request.
  Time since last request: 0.065760 seconds.
  path: Assets/Images/png/Tiles/1.png
  artifactKey: Guid(d0c84426b21ba91488f051ade8204859) Importer(815301076,1909f56bfc062723c751e8b465ee728b)
Start importing Assets/Images/png/Tiles/1.png using Guid(d0c84426b21ba91488f051ade8204859) Importer(815301076,1909f56bfc062723c751e8b465ee728b)  -> (artifact id: '7089105a3f8f5ba71b8888d814c36ad2') in 0.017207 seconds 
========================================================================
Received Import Request.
  Time since last request: 0.000484 seconds.
  path: Assets/Images/png/Tiles/6.png
  artifactKey: Guid(1feab0f46f7e7d344a146ce253255f12) Importer(815301076,1909f56bfc062723c751e8b465ee728b)
Start importing Assets/Images/png/Tiles/6.png using Guid(1feab0f46f7e7d344a146ce253255f12) Importer(815301076,1909f56bfc062723c751e8b465ee728b)  -> (artifact id: 'f5991d84299740e69ac7fbaa4d73f694') in 0.022742 seconds 
========================================================================
Received Import Request.
  Time since last request: 0.000283 seconds.
  path: Assets/Images/png/Tiles/BGTile (3).png
  artifactKey: Guid(1d6076d8f9798204e8c65595d0d534dd) Importer(815301076,1909f56bfc062723c751e8b465ee728b)
Start importing Assets/Images/png/Tiles/BGTile (3).png using Guid(1d6076d8f9798204e8c65595d0d534dd) Importer(815301076,1909f56bfc062723c751e8b465ee728b)  -> (artifact id: '27d13b62df99b68af6ffe4b6396d6a22') in 0.022112 seconds 
========================================================================
Received Import Request.
  Time since last request: 0.000413 seconds.
  path: Assets/Images/png/Tiles/11.png
  artifactKey: Guid(7706d4445a8f5ce479dc0766fd26ada9) Importer(815301076,1909f56bfc062723c751e8b465ee728b)
Start importing Assets/Images/png/Tiles/11.png using Guid(7706d4445a8f5ce479dc0766fd26ada9) Importer(815301076,1909f56bfc062723c751e8b465ee728b)  -> (artifact id: 'ac87861aca4ba3ae6eee8cc91d2370c3') in 0.019537 seconds 
========================================================================
Received Import Request.
  Time since last request: 0.000351 seconds.
  path: Assets/Images/png/Tiles/13.png
  artifactKey: Guid(fac2aadfae91d264da047c3b9234b655) Importer(815301076,1909f56bfc062723c751e8b465ee728b)
Start importing Assets/Images/png/Tiles/13.png using Guid(fac2aadfae91d264da047c3b9234b655) Importer(815301076,1909f56bfc062723c751e8b465ee728b)  -> (artifact id: '56a41a0020c1ae2f17c159295e29bfeb') in 0.024196 seconds 
========================================================================
Received Import Request.
  Time since last request: 0.000320 seconds.
  path: Assets/Images/png/Tiles/Tile (13).png
  artifactKey: Guid(e8ca05b846f65c64ea02c4c85fdcd4ef) Importer(815301076,1909f56bfc062723c751e8b465ee728b)
Start importing Assets/Images/png/Tiles/Tile (13).png using Guid(e8ca05b846f65c64ea02c4c85fdcd4ef) Importer(815301076,1909f56bfc062723c751e8b465ee728b)  -> (artifact id: '8fb8fc434e8a7d27c9b69ec56b5b720a') in 0.022264 seconds 
========================================================================
Received Import Request.
  Time since last request: 0.000455 seconds.
  path: Assets/Images/png/Tiles/16.png
  artifactKey: Guid(c0bf2510d7aacff44b83a64e52af9633) Importer(815301076,1909f56bfc062723c751e8b465ee728b)
Start importing Assets/Images/png/Tiles/16.png using Guid(c0bf2510d7aacff44b83a64e52af9633) Importer(815301076,1909f56bfc062723c751e8b465ee728b)  -> (artifact id: '789c842357eeb0dc0efca1a2fee7b222') in 0.017182 seconds 
========================================================================
Received Import Request.
  Time since last request: 0.000251 seconds.
  path: Assets/Images/png/Tiles/Tile (4).png
  artifactKey: Guid(2f25bbffcb0e69345a1bfa0c2ef19e5e) Importer(815301076,1909f56bfc062723c751e8b465ee728b)
Start importing Assets/Images/png/Tiles/Tile (4).png using Guid(2f25bbffcb0e69345a1bfa0c2ef19e5e) Importer(815301076,1909f56bfc062723c751e8b465ee728b)  -> (artifact id: '4eacb03018c0ead8023743a041aaae47') in 0.026485 seconds 
========================================================================
Received Import Request.
  Time since last request: 0.000331 seconds.
  path: Assets/Images/png/Tiles/Tile (10).png
  artifactKey: Guid(8945016fc6ea97b4982920f69bbaab9e) Importer(815301076,1909f56bfc062723c751e8b465ee728b)
Start importing Assets/Images/png/Tiles/Tile (10).png using Guid(8945016fc6ea97b4982920f69bbaab9e) Importer(815301076,1909f56bfc062723c751e8b465ee728b)  -> (artifact id: '9d6fdd59473136381566e7d7f3424112') in 0.028778 seconds 
========================================================================
Received Import Request.
  Time since last request: 0.000229 seconds.
  path: Assets/Images/png/Tiles/BGTile (6).png
  artifactKey: Guid(e46eaf2394879854a9241d3c43b13374) Importer(815301076,1909f56bfc062723c751e8b465ee728b)
Start importing Assets/Images/png/Tiles/BGTile (6).png using Guid(e46eaf2394879854a9241d3c43b13374) Importer(815301076,1909f56bfc062723c751e8b465ee728b)  -> (artifact id: '7078e7386f13a161c9c0029c56b50d46') in 0.016503 seconds 
========================================================================
Received Import Request.
  Time since last request: 0.000273 seconds.
  path: Assets/Images/png/Tiles/14.png
  artifactKey: Guid(3d5f8a64b03c4474e98bded651a4e2ed) Importer(815301076,1909f56bfc062723c751e8b465ee728b)
Start importing Assets/Images/png/Tiles/14.png using Guid(3d5f8a64b03c4474e98bded651a4e2ed) Importer(815301076,1909f56bfc062723c751e8b465ee728b)  -> (artifact id: '5b2f59032fa8592f3f2ccf2a8a085c98') in 0.022915 seconds 
========================================================================
Received Import Request.
  Time since last request: 0.000244 seconds.
  path: Assets/Images/png/Tiles/BGTile (4).png
  artifactKey: Guid(5e13ddfad15949b4eaf1c9612a940433) Importer(815301076,1909f56bfc062723c751e8b465ee728b)
Start importing Assets/Images/png/Tiles/BGTile (4).png using Guid(5e13ddfad15949b4eaf1c9612a940433) Importer(815301076,1909f56bfc062723c751e8b465ee728b)  -> (artifact id: 'd24e2d706fb779730c1184e9a9510c40') in 0.015121 seconds 
========================================================================
Received Import Request.
  Time since last request: 0.000214 seconds.
  path: Assets/Images/png/Tiles/Tile (8).png
  artifactKey: Guid(a4da1cc752bc090489acdaa68f5b148e) Importer(815301076,1909f56bfc062723c751e8b465ee728b)
Start importing Assets/Images/png/Tiles/Tile (8).png using Guid(a4da1cc752bc090489acdaa68f5b148e) Importer(815301076,1909f56bfc062723c751e8b465ee728b)  -> (artifact id: '2be2bed06ffca604cefca627c528529b') in 0.014909 seconds 
========================================================================
Received Import Request.
  Time since last request: 0.000288 seconds.
  path: Assets/Images/png/Tiles/Tile (3).png
  artifactKey: Guid(db24df5dd06b7bc4eb49987c963fcbe5) Importer(815301076,1909f56bfc062723c751e8b465ee728b)
Start importing Assets/Images/png/Tiles/Tile (3).png using Guid(db24df5dd06b7bc4eb49987c963fcbe5) Importer(815301076,1909f56bfc062723c751e8b465ee728b)  -> (artifact id: '402e461f0cf9ad80e04441236cd0ad63') in 0.015670 seconds 
========================================================================
Received Import Request.
  Time since last request: 0.000254 seconds.
  path: Assets/Images/png/Tiles/BGTile (1).png
  artifactKey: Guid(86c3d23f3b5ffaf49aaf22a6132155c6) Importer(815301076,1909f56bfc062723c751e8b465ee728b)
Start importing Assets/Images/png/Tiles/BGTile (1).png using Guid(86c3d23f3b5ffaf49aaf22a6132155c6) Importer(815301076,1909f56bfc062723c751e8b465ee728b)  -> (artifact id: '1ea113b6ed9390f151c1d662414af175') in 0.015769 seconds 
========================================================================
Received Import Request.
  Time since last request: 0.000333 seconds.
  path: Assets/Images/png/Tiles/10.png
  artifactKey: Guid(8548726d29f306a4dac77212f88564fd) Importer(815301076,1909f56bfc062723c751e8b465ee728b)
Start importing Assets/Images/png/Tiles/10.png using Guid(8548726d29f306a4dac77212f88564fd) Importer(815301076,1909f56bfc062723c751e8b465ee728b)  -> (artifact id: '498ef980236410218769da742a468c1c') in 0.014299 seconds 
========================================================================
Received Import Request.
  Time since last request: 0.000271 seconds.
  path: Assets/Images/png/Tiles/5.png
  artifactKey: Guid(02e86f973ce8b8745bd77c9de39cbada) Importer(815301076,1909f56bfc062723c751e8b465ee728b)
Start importing Assets/Images/png/Tiles/5.png using Guid(02e86f973ce8b8745bd77c9de39cbada) Importer(815301076,1909f56bfc062723c751e8b465ee728b)  -> (artifact id: '43c3dbbc3d3bebd808282354de1dd0b3') in 0.014356 seconds 
========================================================================
Received Import Request.
  Time since last request: 0.000309 seconds.
  path: Assets/Images/png/Tiles/BGTile (5).png
  artifactKey: Guid(5962568e202600141abb18e35e67dc15) Importer(815301076,1909f56bfc062723c751e8b465ee728b)
Start importing Assets/Images/png/Tiles/BGTile (5).png using Guid(5962568e202600141abb18e35e67dc15) Importer(815301076,1909f56bfc062723c751e8b465ee728b)  -> (artifact id: '2bb1bfa4a0f3febbd0e665ee930518c4') in 0.015044 seconds 
========================================================================
Received Import Request.
  Time since last request: 0.000311 seconds.
  path: Assets/Images/png/Tiles/Acid (2).png
  artifactKey: Guid(b3f393e85f43e5f4283019db9f6e0731) Importer(815301076,1909f56bfc062723c751e8b465ee728b)
Start importing Assets/Images/png/Tiles/Acid (2).png using Guid(b3f393e85f43e5f4283019db9f6e0731) Importer(815301076,1909f56bfc062723c751e8b465ee728b)  -> (artifact id: 'ef7d1920e9c24c47c44ba6228379a6b4') in 0.014970 seconds 
========================================================================
Received Import Request.
  Time since last request: 0.000276 seconds.
  path: Assets/Images/png/Tiles/2.png
  artifactKey: Guid(70cb06bc6e1166149896e433d2af2f29) Importer(815301076,1909f56bfc062723c751e8b465ee728b)
Start importing Assets/Images/png/Tiles/2.png using Guid(70cb06bc6e1166149896e433d2af2f29) Importer(815301076,1909f56bfc062723c751e8b465ee728b)  -> (artifact id: '8db8fbc456e629a1e16d2ed5c0c2f07a') in 0.014939 seconds 
========================================================================
Received Import Request.
  Time since last request: 0.000420 seconds.
  path: Assets/Images/png/Tiles/18.png
  artifactKey: Guid(5e8a0e3c39b60424c899791fba849dae) Importer(815301076,1909f56bfc062723c751e8b465ee728b)
Start importing Assets/Images/png/Tiles/18.png using Guid(5e8a0e3c39b60424c899791fba849dae) Importer(815301076,1909f56bfc062723c751e8b465ee728b)  -> (artifact id: 'a0fba37d6396995287ff9efe61b1ec17') in 0.014761 seconds 
========================================================================
Received Import Request.
  Time since last request: 0.000379 seconds.
  path: Assets/Images/png/Tiles/Acid (1).png
  artifactKey: Guid(4fbd1c4d4e33e774f88c29c92f5413fa) Importer(815301076,1909f56bfc062723c751e8b465ee728b)
Start importing Assets/Images/png/Tiles/Acid (1).png using Guid(4fbd1c4d4e33e774f88c29c92f5413fa) Importer(815301076,1909f56bfc062723c751e8b465ee728b)  -> (artifact id: '2c1ab85412cbf3562d89ed89a2a0a6bd') in 0.016321 seconds 
========================================================================
Received Import Request.
  Time since last request: 0.000259 seconds.
  path: Assets/Images/png/Tiles/BGTile (2).png
  artifactKey: Guid(1877604cec1355d43ae54e4be72dd48e) Importer(815301076,1909f56bfc062723c751e8b465ee728b)
Start importing Assets/Images/png/Tiles/BGTile (2).png using Guid(1877604cec1355d43ae54e4be72dd48e) Importer(815301076,1909f56bfc062723c751e8b465ee728b)  -> (artifact id: '238e4e1ebeae62292a0ee9a7bbce8adb') in 0.015911 seconds 
========================================================================
Received Import Request.
  Time since last request: 0.000240 seconds.
  path: Assets/Images/png/Tiles/3.png
  artifactKey: Guid(a5eff7d936d830f41a4dce6d96f0e9b3) Importer(815301076,1909f56bfc062723c751e8b465ee728b)
Start importing Assets/Images/png/Tiles/3.png using Guid(a5eff7d936d830f41a4dce6d96f0e9b3) Importer(815301076,1909f56bfc062723c751e8b465ee728b)  -> (artifact id: '2eec1216fb558d03ae74e1cf0430746f') in 0.016873 seconds 
========================================================================
Received Import Request.
  Time since last request: 0.000331 seconds.
  path: Assets/Images/png/Tiles/Spike.png
  artifactKey: Guid(4871112d0b1955f46b846ca9f4a778ff) Importer(815301076,1909f56bfc062723c751e8b465ee728b)
Start importing Assets/Images/png/Tiles/Spike.png using Guid(4871112d0b1955f46b846ca9f4a778ff) Importer(815301076,1909f56bfc062723c751e8b465ee728b)  -> (artifact id: '256e742c17dd2b44a8b307e92458bd58') in 0.016853 seconds 
========================================================================
Received Import Request.
  Time since last request: 0.000265 seconds.
  path: Assets/Images/png/Tiles/Tile (12).png
  artifactKey: Guid(8d286ef2c55e08044b75c8faf79e087d) Importer(815301076,1909f56bfc062723c751e8b465ee728b)
Start importing Assets/Images/png/Tiles/Tile (12).png using Guid(8d286ef2c55e08044b75c8faf79e087d) Importer(815301076,1909f56bfc062723c751e8b465ee728b)  -> (artifact id: 'cf56d25656ceb931d9533e872e371cbc') in 0.016038 seconds 
========================================================================
Received Import Request.
  Time since last request: 0.000295 seconds.
  path: Assets/Images/png/Tiles/9.png
  artifactKey: Guid(9a35e04a64f26c243ac84db801c42f97) Importer(815301076,1909f56bfc062723c751e8b465ee728b)
Start importing Assets/Images/png/Tiles/9.png using Guid(9a35e04a64f26c243ac84db801c42f97) Importer(815301076,1909f56bfc062723c751e8b465ee728b)  -> (artifact id: 'e962224afe349862c60601e4a88b353c') in 0.015689 seconds 
========================================================================
Received Import Request.
  Time since last request: 0.000312 seconds.
  path: Assets/Images/png/Tiles/Fence (2).png
  artifactKey: Guid(b986769a8c5b12d4da53a64c31f7f9c4) Importer(815301076,1909f56bfc062723c751e8b465ee728b)
Start importing Assets/Images/png/Tiles/Fence (2).png using Guid(b986769a8c5b12d4da53a64c31f7f9c4) Importer(815301076,1909f56bfc062723c751e8b465ee728b)  -> (artifact id: '979a2894e7068ae3a319f24ff4193b4b') in 0.019772 seconds 
========================================================================
Received Import Request.
  Time since last request: 0.000309 seconds.
  path: Assets/Images/png/Tiles/Fence (1).png
  artifactKey: Guid(5c2d950508584c9438f642c16880a79d) Importer(815301076,1909f56bfc062723c751e8b465ee728b)
Start importing Assets/Images/png/Tiles/Fence (1).png using Guid(5c2d950508584c9438f642c16880a79d) Importer(815301076,1909f56bfc062723c751e8b465ee728b)  -> (artifact id: '3ceedd39b7c0a81d9eb741f78ec53bd4') in 0.017631 seconds 
========================================================================
Received Import Request.
  Time since last request: 0.000482 seconds.
  path: Assets/Images/png/Tiles/Tile (7).png
  artifactKey: Guid(9937b36ae3a56cf429c0bd8c15efe60b) Importer(815301076,1909f56bfc062723c751e8b465ee728b)
Start importing Assets/Images/png/Tiles/Tile (7).png using Guid(9937b36ae3a56cf429c0bd8c15efe60b) Importer(815301076,1909f56bfc062723c751e8b465ee728b)  -> (artifact id: '944148a830699f992f395ecd13aeb201') in 0.017215 seconds 
========================================================================
Received Import Request.
  Time since last request: 0.000304 seconds.
  path: Assets/Images/png/Tiles/4.png
  artifactKey: Guid(d9a5e09e322dd924e8013a1f9271c6bf) Importer(815301076,1909f56bfc062723c751e8b465ee728b)
Start importing Assets/Images/png/Tiles/4.png using Guid(d9a5e09e322dd924e8013a1f9271c6bf) Importer(815301076,1909f56bfc062723c751e8b465ee728b)  -> (artifact id: '9b6999ea1eeedfd9c85bb8273ef01a9c') in 0.016118 seconds 
========================================================================
Received Import Request.
  Time since last request: 0.000274 seconds.
  path: Assets/Images/png/Tiles/Tile (9).png
  artifactKey: Guid(8f9a7051f96e7014a97fcbe8081f11d9) Importer(815301076,1909f56bfc062723c751e8b465ee728b)
Start importing Assets/Images/png/Tiles/Tile (9).png using Guid(8f9a7051f96e7014a97fcbe8081f11d9) Importer(815301076,1909f56bfc062723c751e8b465ee728b)  -> (artifact id: 'a4e6b249051eff76f20509416e25c669') in 0.015860 seconds 
========================================================================
Received Import Request.
  Time since last request: 0.000318 seconds.
  path: Assets/Images/png/Tiles/BGTile (7).png
  artifactKey: Guid(a1a8c9da3e1e8114cbc4acf9574923c7) Importer(815301076,1909f56bfc062723c751e8b465ee728b)
Start importing Assets/Images/png/Tiles/BGTile (7).png using Guid(a1a8c9da3e1e8114cbc4acf9574923c7) Importer(815301076,1909f56bfc062723c751e8b465ee728b)  -> (artifact id: 'd6831762268f18d0ccffcd8ec2d7f5c6') in 0.015369 seconds 
========================================================================
Received Import Request.
  Time since last request: 0.000307 seconds.
  path: Assets/Images/png/Tiles/Fence (3).png
  artifactKey: Guid(14ba4479b5651b1458a542684a13a3e1) Importer(815301076,1909f56bfc062723c751e8b465ee728b)
Start importing Assets/Images/png/Tiles/Fence (3).png using Guid(14ba4479b5651b1458a542684a13a3e1) Importer(815301076,1909f56bfc062723c751e8b465ee728b)  -> (artifact id: 'b4722c9ef28b8da15c5be43d7219b57d') in 0.017463 seconds 
========================================================================
Received Import Request.
  Time since last request: 0.000364 seconds.
  path: Assets/Images/png/Tiles/Tile (6).png
  artifactKey: Guid(8c480529986d7ef40a4607ee87e94b78) Importer(815301076,1909f56bfc062723c751e8b465ee728b)
Start importing Assets/Images/png/Tiles/Tile (6).png using Guid(8c480529986d7ef40a4607ee87e94b78) Importer(815301076,1909f56bfc062723c751e8b465ee728b)  -> (artifact id: 'f6e633136434b5f487fe7004dfb39bf8') in 0.016259 seconds 
========================================================================
Received Import Request.
  Time since last request: 0.000250 seconds.
  path: Assets/Images/png/Tiles/12.png
  artifactKey: Guid(26a97f815c3a0c3418f2081b2683e0e0) Importer(815301076,1909f56bfc062723c751e8b465ee728b)
Start importing Assets/Images/png/Tiles/12.png using Guid(26a97f815c3a0c3418f2081b2683e0e0) Importer(815301076,1909f56bfc062723c751e8b465ee728b)  -> (artifact id: '9f169d8f71c0cabb93cbac1f0a0f03f7') in 0.015067 seconds 
========================================================================
Received Import Request.
  Time since last request: 0.000359 seconds.
  path: Assets/Images/png/Tiles/Tile (5).png
  artifactKey: Guid(727a764a33db96b4dafc629a10d38bf4) Importer(815301076,1909f56bfc062723c751e8b465ee728b)
Start importing Assets/Images/png/Tiles/Tile (5).png using Guid(727a764a33db96b4dafc629a10d38bf4) Importer(815301076,1909f56bfc062723c751e8b465ee728b)  -> (artifact id: '27f4dab332eb9e99a78c0f2630063858') in 0.016764 seconds 
========================================================================
Received Import Request.
  Time since last request: 0.000268 seconds.
  path: Assets/Images/png/Tiles/8.png
  artifactKey: Guid(a9809848a5746aa4c801a376848085d3) Importer(815301076,1909f56bfc062723c751e8b465ee728b)
Start importing Assets/Images/png/Tiles/8.png using Guid(a9809848a5746aa4c801a376848085d3) Importer(815301076,1909f56bfc062723c751e8b465ee728b)  -> (artifact id: '1d63b47ec07edd7bb2aeca3bc3b49519') in 0.015542 seconds 
========================================================================
Received Import Request.
  Time since last request: 0.000255 seconds.
  path: Assets/Images/png/Tiles/Tile (11).png
  artifactKey: Guid(70fb4c466f9b3de4a85a4a690e6e76c1) Importer(815301076,1909f56bfc062723c751e8b465ee728b)
Start importing Assets/Images/png/Tiles/Tile (11).png using Guid(70fb4c466f9b3de4a85a4a690e6e76c1) Importer(815301076,1909f56bfc062723c751e8b465ee728b)  -> (artifact id: 'f5485d44c26a044d50c173dbd78e4bde') in 0.015713 seconds 
========================================================================
Received Import Request.
  Time since last request: 0.000343 seconds.
  path: Assets/Images/png/Tiles/Tile (14).png
  artifactKey: Guid(77c243911a5534946ae1038cdaa15a43) Importer(815301076,1909f56bfc062723c751e8b465ee728b)
Start importing Assets/Images/png/Tiles/Tile (14).png using Guid(77c243911a5534946ae1038cdaa15a43) Importer(815301076,1909f56bfc062723c751e8b465ee728b)  -> (artifact id: 'cfb872c973e9b7c2be1f4e818ae22498') in 0.016076 seconds 
========================================================================
Received Import Request.
  Time since last request: 0.000332 seconds.
  path: Assets/Images/png/Tiles/Tile (15).png
  artifactKey: Guid(aba4f72499cd2fb49adef06c90a4f28c) Importer(815301076,1909f56bfc062723c751e8b465ee728b)
Start importing Assets/Images/png/Tiles/Tile (15).png using Guid(aba4f72499cd2fb49adef06c90a4f28c) Importer(815301076,1909f56bfc062723c751e8b465ee728b)  -> (artifact id: '13536f530d3f96f290453c730c9e690a') in 0.016862 seconds 
========================================================================
Received Import Request.
  Time since last request: 0.000318 seconds.
  path: Assets/Images/png/Tiles/7.png
  artifactKey: Guid(e41fc47eb7760c14ca47d93d8e0f1acb) Importer(815301076,1909f56bfc062723c751e8b465ee728b)
Start importing Assets/Images/png/Tiles/7.png using Guid(e41fc47eb7760c14ca47d93d8e0f1acb) Importer(815301076,1909f56bfc062723c751e8b465ee728b)  -> (artifact id: '56e76d2826b7c9cc9019bea7a449e4e9') in 0.018626 seconds 
========================================================================
Received Import Request.
  Time since last request: 0.000377 seconds.
  path: Assets/Images/png/Tiles/15.png
  artifactKey: Guid(7a598807f1052f945b23a07ed0ddabc2) Importer(815301076,1909f56bfc062723c751e8b465ee728b)
Start importing Assets/Images/png/Tiles/15.png using Guid(7a598807f1052f945b23a07ed0ddabc2) Importer(815301076,1909f56bfc062723c751e8b465ee728b)  -> (artifact id: '74402aff636700b4cfacf133f4f149cf') in 0.017179 seconds 
========================================================================
Received Import Request.
  Time since last request: 0.000282 seconds.
  path: Assets/Images/png/Tiles/Tile (2).png
  artifactKey: Guid(91f8d222de6aac642bc813f4cddf9e98) Importer(815301076,1909f56bfc062723c751e8b465ee728b)
Start importing Assets/Images/png/Tiles/Tile (2).png using Guid(91f8d222de6aac642bc813f4cddf9e98) Importer(815301076,1909f56bfc062723c751e8b465ee728b)  -> (artifact id: '5b807d1b10c5401e5aa14fe611f79e5f') in 0.017735 seconds 
========================================================================
Received Import Request.
  Time since last request: 0.000495 seconds.
  path: Assets/Images/png/Tiles/17.png
  artifactKey: Guid(7e9cdb6dcf6632a489d3703910d97d51) Importer(815301076,1909f56bfc062723c751e8b465ee728b)
Start importing Assets/Images/png/Tiles/17.png using Guid(7e9cdb6dcf6632a489d3703910d97d51) Importer(815301076,1909f56bfc062723c751e8b465ee728b)  -> (artifact id: 'd3fb4189eecee82a944218d230daa62f') in 0.017624 seconds 
========================================================================
Received Import Request.
  Time since last request: 0.000275 seconds.
  path: Assets/Images/png/Tiles/Tile (1).png
  artifactKey: Guid(8ee7b467eabba15448040a96d91ccd5a) Importer(815301076,1909f56bfc062723c751e8b465ee728b)
Start importing Assets/Images/png/Tiles/Tile (1).png using Guid(8ee7b467eabba15448040a96d91ccd5a) Importer(815301076,1909f56bfc062723c751e8b465ee728b)  -> (artifact id: '09f1748f4c6138ada6177ff2d9734c1b') in 0.018062 seconds 
========================================================================
Received Prepare
Registering precompiled user dll's ...
Registered in 0.005137 seconds.
Begin MonoManager ReloadAssembly
Native extension for WindowsStandalone target not found
Native extension for WebGL target not found
Refreshing native plugins compatible for Editor in 0.52 ms, found 3 plugins.
Preloading 0 native plugins for Editor in 0.00 ms.
Mono: successfully reloaded assembly
- Completed reload, in  1.134 seconds
Domain Reload Profiling:
	ReloadAssembly (1134ms)
		BeginReloadAssembly (130ms)
			ExecutionOrderSort (0ms)
			DisableScriptedObjects (6ms)
			BackupInstance (0ms)
			ReleaseScriptingObjects (0ms)
			CreateAndSetChildDomain (35ms)
		EndReloadAssembly (938ms)
			LoadAssemblies (113ms)
			RebuildTransferFunctionScriptingTraits (0ms)
			SetupTypeCache (313ms)
			ReleaseScriptCaches (1ms)
			RebuildScriptCaches (45ms)
			SetupLoadedEditorAssemblies (338ms)
				LogAssemblyErrors (0ms)
				InitializePlatformSupportModulesInManaged (6ms)
				SetLoadedEditorAssemblies (0ms)
				RefreshPlugins (1ms)
				BeforeProcessingInitializeOnLoad (72ms)
				ProcessInitializeOnLoadAttributes (234ms)
				ProcessInitializeOnLoadMethodAttributes (14ms)
				AfterProcessingInitializeOnLoad (12ms)
				EditorAssembliesLoaded (0ms)
			ExecutionOrderSort2 (0ms)
			AwakeInstancesAfterBackupRestoration (11ms)
Platform modules already initialized, skipping
Switching build target platform(19) subTarget(0) extendedPlatform(0) -> platform(13) subTarget(537395200) extendedPlatform(0)
Refreshing native plugins compatible for Editor in 0.55 ms, found 3 plugins.
Preloading 0 native plugins for Editor in 0.00 ms.
Unloading 2197 Unused Serialized files (Serialized files now loaded: 0)
System memory in use before: 99.3 MB.
System memory in use after: 99.3 MB.

Unloading 20 unused Assets to reduce memory usage. Loaded Objects now: 2652.
Total: 5.403200 ms (FindLiveObjects: 0.168400 ms CreateObjectMapping: 0.077200 ms MarkObjects: 4.958300 ms  DeleteObjects: 0.197700 ms)

AssetImportParameters requested are different than current active one (requested -> active):
  custom:framework-win-MediaFoundation: 216162199b28c13a410421893ffa2e32 -> 
  custom:video-decoder-ogg-theora: a1e56fd34408186e4bbccfd4996cb3dc -> 
  custom:container-muxer-webm: aa71ff27fc2769a1b78a27578f13a17b -> 
  custom:container-demuxer-webm: 4f35f7cbe854078d1ac9338744f61a02 -> 
  custom:container-demuxer-ogg: 62fdf1f143b41e24485cea50d1cbac27 -> 
  custom:video-encoder-webm-vp8: eb34c28f22e8b96e1ab97ce403110664 -> 
  custom:video-decoder-webm-vp8: 9c59270c3fd7afecdb556c50c9e8de78 -> 
  custom:graphics/normal-map-encoding: 01000000000000000000000000000000 -> 02000000000000000000000000000000
  custom:audio-decoder-ogg-vorbis: bf7c407c2cedff20999df2af8eb42d56 -> 
  custom:audio-encoder-webm-vorbis: bf7c407c2cedff20999df2af8eb42d56 -> 
========================================================================
Received Prepare
Registering precompiled user dll's ...
Registered in 0.005511 seconds.
Begin MonoManager ReloadAssembly
Native extension for WindowsStandalone target not found
Native extension for WebGL target not found
Refreshing native plugins compatible for Editor in 0.47 ms, found 3 plugins.
Preloading 0 native plugins for Editor in 0.00 ms.
Mono: successfully reloaded assembly
- Completed reload, in  1.151 seconds
Domain Reload Profiling:
	ReloadAssembly (1152ms)
		BeginReloadAssembly (124ms)
			ExecutionOrderSort (0ms)
			DisableScriptedObjects (6ms)
			BackupInstance (0ms)
			ReleaseScriptingObjects (0ms)
			CreateAndSetChildDomain (32ms)
		EndReloadAssembly (962ms)
			LoadAssemblies (111ms)
			RebuildTransferFunctionScriptingTraits (0ms)
			SetupTypeCache (308ms)
			ReleaseScriptCaches (1ms)
			RebuildScriptCaches (52ms)
			SetupLoadedEditorAssemblies (338ms)
				LogAssemblyErrors (0ms)
				InitializePlatformSupportModulesInManaged (6ms)
				SetLoadedEditorAssemblies (0ms)
				RefreshPlugins (1ms)
				BeforeProcessingInitializeOnLoad (78ms)
				ProcessInitializeOnLoadAttributes (229ms)
				ProcessInitializeOnLoadMethodAttributes (14ms)
				AfterProcessingInitializeOnLoad (10ms)
				EditorAssembliesLoaded (0ms)
			ExecutionOrderSort2 (0ms)
			AwakeInstancesAfterBackupRestoration (9ms)
Platform modules already initialized, skipping
Switching build target platform(19) subTarget(0) extendedPlatform(0) -> platform(13) subTarget(537395200) extendedPlatform(0)
Refreshing native plugins compatible for Editor in 1.01 ms, found 3 plugins.
Preloading 0 native plugins for Editor in 0.00 ms.
Unloading 2197 Unused Serialized files (Serialized files now loaded: 0)
System memory in use before: 99.4 MB.
System memory in use after: 99.3 MB.

Unloading 20 unused Assets to reduce memory usage. Loaded Objects now: 2654.
Total: 3.588300 ms (FindLiveObjects: 0.176400 ms CreateObjectMapping: 0.085800 ms MarkObjects: 3.141900 ms  DeleteObjects: 0.183300 ms)

AssetImportParameters requested are different than current active one (requested -> active):
  custom:framework-win-MediaFoundation: 216162199b28c13a410421893ffa2e32 -> 
  custom:video-decoder-ogg-theora: a1e56fd34408186e4bbccfd4996cb3dc -> 
  custom:container-muxer-webm: aa71ff27fc2769a1b78a27578f13a17b -> 
  custom:container-demuxer-webm: 4f35f7cbe854078d1ac9338744f61a02 -> 
  custom:container-demuxer-ogg: 62fdf1f143b41e24485cea50d1cbac27 -> 
  custom:video-encoder-webm-vp8: eb34c28f22e8b96e1ab97ce403110664 -> 
  custom:video-decoder-webm-vp8: 9c59270c3fd7afecdb556c50c9e8de78 -> 
  custom:graphics/normal-map-encoding: 01000000000000000000000000000000 -> 02000000000000000000000000000000
  custom:audio-decoder-ogg-vorbis: bf7c407c2cedff20999df2af8eb42d56 -> 
  custom:audio-encoder-webm-vorbis: bf7c407c2cedff20999df2af8eb42d56 -> 
========================================================================
Received Prepare
Registering precompiled user dll's ...
Registered in 0.004939 seconds.
Begin MonoManager ReloadAssembly
Native extension for WindowsStandalone target not found
Native extension for WebGL target not found
Refreshing native plugins compatible for Editor in 0.51 ms, found 3 plugins.
Preloading 0 native plugins for Editor in 0.00 ms.
Mono: successfully reloaded assembly
- Completed reload, in  1.225 seconds
Domain Reload Profiling:
	ReloadAssembly (1226ms)
		BeginReloadAssembly (126ms)
			ExecutionOrderSort (0ms)
			DisableScriptedObjects (6ms)
			BackupInstance (0ms)
			ReleaseScriptingObjects (0ms)
			CreateAndSetChildDomain (33ms)
		EndReloadAssembly (1027ms)
			LoadAssemblies (120ms)
			RebuildTransferFunctionScriptingTraits (0ms)
			SetupTypeCache (375ms)
			ReleaseScriptCaches (1ms)
			RebuildScriptCaches (45ms)
			SetupLoadedEditorAssemblies (334ms)
				LogAssemblyErrors (0ms)
				InitializePlatformSupportModulesInManaged (6ms)
				SetLoadedEditorAssemblies (1ms)
				RefreshPlugins (1ms)
				BeforeProcessingInitializeOnLoad (79ms)
				ProcessInitializeOnLoadAttributes (224ms)
				ProcessInitializeOnLoadMethodAttributes (12ms)
				AfterProcessingInitializeOnLoad (12ms)
				EditorAssembliesLoaded (0ms)
			ExecutionOrderSort2 (0ms)
			AwakeInstancesAfterBackupRestoration (10ms)
Platform modules already initialized, skipping
Switching build target platform(19) subTarget(0) extendedPlatform(0) -> platform(13) subTarget(537395200) extendedPlatform(0)
Refreshing native plugins compatible for Editor in 0.55 ms, found 3 plugins.
Preloading 0 native plugins for Editor in 0.00 ms.
Unloading 2197 Unused Serialized files (Serialized files now loaded: 0)
System memory in use before: 99.4 MB.
System memory in use after: 99.3 MB.

Unloading 20 unused Assets to reduce memory usage. Loaded Objects now: 2656.
Total: 3.818100 ms (FindLiveObjects: 0.167100 ms CreateObjectMapping: 0.076100 ms MarkObjects: 3.312200 ms  DeleteObjects: 0.261600 ms)

AssetImportParameters requested are different than current active one (requested -> active):
  custom:framework-win-MediaFoundation: 216162199b28c13a410421893ffa2e32 -> 
  custom:video-decoder-ogg-theora: a1e56fd34408186e4bbccfd4996cb3dc -> 
  custom:container-muxer-webm: aa71ff27fc2769a1b78a27578f13a17b -> 
  custom:container-demuxer-webm: 4f35f7cbe854078d1ac9338744f61a02 -> 
  custom:container-demuxer-ogg: 62fdf1f143b41e24485cea50d1cbac27 -> 
  custom:video-encoder-webm-vp8: eb34c28f22e8b96e1ab97ce403110664 -> 
  custom:video-decoder-webm-vp8: 9c59270c3fd7afecdb556c50c9e8de78 -> 
  custom:graphics/normal-map-encoding: 01000000000000000000000000000000 -> 02000000000000000000000000000000
  custom:audio-decoder-ogg-vorbis: bf7c407c2cedff20999df2af8eb42d56 -> 
  custom:audio-encoder-webm-vorbis: bf7c407c2cedff20999df2af8eb42d56 -> 
========================================================================
Received Prepare
Registering precompiled user dll's ...
Registered in 0.005251 seconds.
Begin MonoManager ReloadAssembly
Native extension for WindowsStandalone target not found
Native extension for WebGL target not found
Refreshing native plugins compatible for Editor in 0.59 ms, found 3 plugins.
Preloading 0 native plugins for Editor in 0.00 ms.
Mono: successfully reloaded assembly
- Completed reload, in  1.314 seconds
Domain Reload Profiling:
	ReloadAssembly (1314ms)
		BeginReloadAssembly (146ms)
			ExecutionOrderSort (0ms)
			DisableScriptedObjects (6ms)
			BackupInstance (0ms)
			ReleaseScriptingObjects (0ms)
			CreateAndSetChildDomain (35ms)
		EndReloadAssembly (1078ms)
			LoadAssemblies (138ms)
			RebuildTransferFunctionScriptingTraits (0ms)
			SetupTypeCache (357ms)
			ReleaseScriptCaches (1ms)
			RebuildScriptCaches (61ms)
			SetupLoadedEditorAssemblies (354ms)
				LogAssemblyErrors (0ms)
				InitializePlatformSupportModulesInManaged (9ms)
				SetLoadedEditorAssemblies (1ms)
				RefreshPlugins (1ms)
				BeforeProcessingInitializeOnLoad (88ms)
				ProcessInitializeOnLoadAttributes (233ms)
				ProcessInitializeOnLoadMethodAttributes (13ms)
				AfterProcessingInitializeOnLoad (10ms)
				EditorAssembliesLoaded (0ms)
			ExecutionOrderSort2 (0ms)
			AwakeInstancesAfterBackupRestoration (9ms)
Platform modules already initialized, skipping
Switching build target platform(19) subTarget(0) extendedPlatform(0) -> platform(13) subTarget(537395200) extendedPlatform(0)
Refreshing native plugins compatible for Editor in 0.46 ms, found 3 plugins.
Preloading 0 native plugins for Editor in 0.00 ms.
Unloading 2197 Unused Serialized files (Serialized files now loaded: 0)
System memory in use before: 99.4 MB.
System memory in use after: 99.3 MB.

Unloading 20 unused Assets to reduce memory usage. Loaded Objects now: 2658.
Total: 3.006800 ms (FindLiveObjects: 0.156500 ms CreateObjectMapping: 0.074700 ms MarkObjects: 2.604400 ms  DeleteObjects: 0.170300 ms)

AssetImportParameters requested are different than current active one (requested -> active):
  custom:framework-win-MediaFoundation: 216162199b28c13a410421893ffa2e32 -> 
  custom:video-decoder-ogg-theora: a1e56fd34408186e4bbccfd4996cb3dc -> 
  custom:container-muxer-webm: aa71ff27fc2769a1b78a27578f13a17b -> 
  custom:container-demuxer-webm: 4f35f7cbe854078d1ac9338744f61a02 -> 
  custom:container-demuxer-ogg: 62fdf1f143b41e24485cea50d1cbac27 -> 
  custom:video-encoder-webm-vp8: eb34c28f22e8b96e1ab97ce403110664 -> 
  custom:video-decoder-webm-vp8: 9c59270c3fd7afecdb556c50c9e8de78 -> 
  custom:graphics/normal-map-encoding: 01000000000000000000000000000000 -> 02000000000000000000000000000000
  custom:audio-decoder-ogg-vorbis: bf7c407c2cedff20999df2af8eb42d56 -> 
  custom:audio-encoder-webm-vorbis: bf7c407c2cedff20999df2af8eb42d56 -> 
AssetImportWorkerClient::OnTransportError - code=2 error=End of file
